# JRE version: OpenJDK Runtime Environment (17.0.11) (build 17.0.11+0--11852314)
# Java VM: OpenJDK 64-Bit Server VM (17.0.11+0--11852314, mixed mode, tiered, compressed oops, compressed class ptrs, g1 gc, windows-amd64)
GC Precious Log:
 CPUs: 16 total, 16 available
 Memory: 15789M
 Large Page Support: Disabled
 NUMA Support: Disabled
 Compressed Oops: Enabled (32-bit)
 Heap Region Size: 1M
 Heap Min Capacity: 8M
 Heap Initial Capacity: 248M
 Heap Max Capacity: 2G
 Pre-touch: Disabled
 Parallel Workers: 13
 Concurrent Workers: 3
 Concurrent Refinement Workers: 13
 Periodic GC: Disabled
Heap:
 garbage-first heap   total 114688K, used 56653K [0x0000000080000000, 0x0000000100000000)
  region size 1024K, 4 young (4096K), 4 survivors (4096K)
 Metaspace       used 54740K, committed 55104K, reserved 1114112K
  class space    used 7295K, committed 7488K, reserved 1048576K
GC Heap History (20 events):
Event: 6.389 GC heap before
{Heap before GC invocations=14 (full 0):
 garbage-first heap   total 86016K, used 66082K [0x0000000080000000, 0x0000000100000000)
  region size 1024K, 27 young (27648K), 3 survivors (3072K)
 Metaspace       used 43877K, committed 44288K, reserved 1114112K
  class space    used 5885K, committed 6080K, reserved 1048576K
}
Event: 6.395 GC heap after
{Heap after GC invocations=15 (full 0):
 garbage-first heap   total 86016K, used 44692K [0x0000000080000000, 0x0000000100000000)
  region size 1024K, 4 young (4096K), 4 survivors (4096K)
 Metaspace       used 43877K, committed 44288K, reserved 1114112K
  class space    used 5885K, committed 6080K, reserved 1048576K
}
Event: 6.706 GC heap before
{Heap before GC invocations=15 (full 0):
 garbage-first heap   total 86016K, used 49812K [0x0000000080000000, 0x0000000100000000)
  region size 1024K, 11 young (11264K), 4 survivors (4096K)
 Metaspace       used 44320K, committed 44736K, reserved 1114112K
  class space    used 5931K, committed 6144K, reserved 1048576K
}
Event: 6.711 GC heap after
{Heap after GC invocations=16 (full 0):
 garbage-first heap   total 86016K, used 45613K [0x0000000080000000, 0x0000000100000000)
  region size 1024K, 3 young (3072K), 3 survivors (3072K)
 Metaspace       used 44320K, committed 44736K, reserved 1114112K
  class space    used 5931K, committed 6144K, reserved 1048576K
}
Event: 7.150 GC heap before
{Heap before GC invocations=17 (full 0):
 garbage-first heap   total 89088K, used 72237K [0x0000000080000000, 0x0000000100000000)
  region size 1024K, 24 young (24576K), 3 survivors (3072K)
 Metaspace       used 48459K, committed 48832K, reserved 1114112K
  class space    used 6501K, committed 6656K, reserved 1048576K
}
Event: 7.153 GC heap after
{Heap after GC invocations=18 (full 0):
 garbage-first heap   total 89088K, used 46619K [0x0000000080000000, 0x0000000100000000)
  region size 1024K, 3 young (3072K), 3 survivors (3072K)
 Metaspace       used 48459K, committed 48832K, reserved 1114112K
  class space    used 6501K, committed 6656K, reserved 1048576K
}
Event: 7.665 GC heap before
{Heap before GC invocations=18 (full 0):
 garbage-first heap   total 89088K, used 70171K [0x0000000080000000, 0x0000000100000000)
  region size 1024K, 26 young (26624K), 3 survivors (3072K)
 Metaspace       used 49540K, committed 49920K, reserved 1114112K
  class space    used 6623K, committed 6784K, reserved 1048576K
}
Event: 7.669 GC heap after
{Heap after GC invocations=19 (full 0):
 garbage-first heap   total 89088K, used 47782K [0x0000000080000000, 0x0000000100000000)
  region size 1024K, 3 young (3072K), 3 survivors (3072K)
 Metaspace       used 49540K, committed 49920K, reserved 1114112K
  class space    used 6623K, committed 6784K, reserved 1048576K
}
Event: 8.275 GC heap before
{Heap before GC invocations=20 (full 0):
 garbage-first heap   total 89088K, used 71334K [0x0000000080000000, 0x0000000100000000)
  region size 1024K, 26 young (26624K), 3 survivors (3072K)
 Metaspace       used 52839K, committed 53312K, reserved 1114112K
  class space    used 7048K, committed 7232K, reserved 1048576K
}
Event: 8.279 GC heap after
{Heap after GC invocations=21 (full 0):
 garbage-first heap   total 89088K, used 49944K [0x0000000080000000, 0x0000000100000000)
  region size 1024K, 4 young (4096K), 4 survivors (4096K)
 Metaspace       used 52839K, committed 53312K, reserved 1114112K
  class space    used 7048K, committed 7232K, reserved 1048576K
}
Event: 8.502 GC heap before
{Heap before GC invocations=21 (full 0):
 garbage-first heap   total 89088K, used 62232K [0x0000000080000000, 0x0000000100000000)
  region size 1024K, 17 young (17408K), 4 survivors (4096K)
 Metaspace       used 54271K, committed 54720K, reserved 1114112K
  class space    used 7275K, committed 7488K, reserved 1048576K
}
Event: 8.505 GC heap after
{Heap after GC invocations=22 (full 0):
 garbage-first heap   total 89088K, used 50500K [0x0000000080000000, 0x0000000100000000)
  region size 1024K, 1 young (1024K), 1 survivors (1024K)
 Metaspace       used 54271K, committed 54720K, reserved 1114112K
  class space    used 7275K, committed 7488K, reserved 1048576K
}
Event: 8.730 GC heap before
{Heap before GC invocations=23 (full 0):
 garbage-first heap   total 96256K, used 74052K [0x0000000080000000, 0x0000000100000000)
  region size 1024K, 22 young (22528K), 1 survivors (1024K)
 Metaspace       used 54480K, committed 54848K, reserved 1114112K
  class space    used 7298K, committed 7488K, reserved 1048576K
}
Event: 8.734 GC heap after
{Heap after GC invocations=24 (full 0):
 garbage-first heap   total 96256K, used 53928K [0x0000000080000000, 0x0000000100000000)
  region size 1024K, 2 young (2048K), 2 survivors (2048K)
 Metaspace       used 54480K, committed 54848K, reserved 1114112K
  class space    used 7298K, committed 7488K, reserved 1048576K
}
Event: 8.894 GC heap before
{Heap before GC invocations=24 (full 0):
 garbage-first heap   total 96256K, used 76456K [0x0000000080000000, 0x0000000100000000)
  region size 1024K, 25 young (25600K), 2 survivors (2048K)
 Metaspace       used 54631K, committed 55040K, reserved 1114112K
  class space    used 7299K, committed 7488K, reserved 1048576K
}
Event: 8.897 GC heap after
{Heap after GC invocations=25 (full 0):
 garbage-first heap   total 96256K, used 54277K [0x0000000080000000, 0x0000000100000000)
  region size 1024K, 2 young (2048K), 2 survivors (2048K)
 Metaspace       used 54631K, committed 55040K, reserved 1114112K
  class space    used 7299K, committed 7488K, reserved 1048576K
}
Event: 9.085 GC heap before
{Heap before GC invocations=26 (full 0):
 garbage-first heap   total 109568K, used 77829K [0x0000000080000000, 0x0000000100000000)
  region size 1024K, 26 young (26624K), 2 survivors (2048K)
 Metaspace       used 54666K, committed 55040K, reserved 1114112K
  class space    used 7295K, committed 7488K, reserved 1048576K
}
Event: 9.090 GC heap after
{Heap after GC invocations=27 (full 0):
 garbage-first heap   total 109568K, used 54688K [0x0000000080000000, 0x0000000100000000)
  region size 1024K, 2 young (2048K), 2 survivors (2048K)
 Metaspace       used 54666K, committed 55040K, reserved 1114112K
  class space    used 7295K, committed 7488K, reserved 1048576K
}
Event: 9.257 GC heap before
{Heap before GC invocations=27 (full 0):
 garbage-first heap   total 109568K, used 89504K [0x0000000080000000, 0x0000000100000000)
  region size 1024K, 36 young (36864K), 2 survivors (2048K)
 Metaspace       used 54734K, committed 55104K, reserved 1114112K
  class space    used 7295K, committed 7488K, reserved 1048576K
}
Event: 9.261 GC heap after
{Heap after GC invocations=28 (full 0):
 garbage-first heap   total 109568K, used 55297K [0x0000000080000000, 0x0000000100000000)
  region size 1024K, 3 young (3072K), 3 survivors (3072K)
 Metaspace       used 54734K, committed 55104K, reserved 1114112K
  class space    used 7295K, committed 7488K, reserved 1048576K
}

