# JRE version: OpenJDK Runtime Environment (17.0.11) (build 17.0.11+0--11852314)
# Java VM: OpenJDK 64-Bit Server VM (17.0.11+0--11852314, mixed mode, tiered, compressed oops, compressed class ptrs, g1 gc, windows-amd64)
GC Precious Log:
 CPUs: 16 total, 16 available
 Memory: 15789M
 Large Page Support: Disabled
 NUMA Support: Disabled
 Compressed Oops: Enabled (32-bit)
 Heap Region Size: 1M
 Heap Min Capacity: 8M
 Heap Initial Capacity: 248M
 Heap Max Capacity: 2G
 Pre-touch: Disabled
 Parallel Workers: 13
 Concurrent Workers: 3
 Concurrent Refinement Workers: 13
 Periodic GC: Disabled
Heap:
 garbage-first heap   total 96256K, used 65087K [0x0000000080000000, 0x0000000100000000)
  region size 1024K, 17 young (17408K), 4 survivors (4096K)
 Metaspace       used 51583K, committed 52032K, reserved 1114112K
  class space    used 6850K, committed 7040K, reserved 1048576K
GC Heap History (20 events):
Event: 8.485 GC heap before
{Heap before GC invocations=2 (full 0):
 garbage-first heap   total 253952K, used 62715K [0x0000000080000000, 0x0000000100000000)
  region size 1024K, 51 young (52224K), 1 survivors (1024K)
 Metaspace       used 21284K, committed 21504K, reserved 1114112K
  class space    used 2514K, committed 2624K, reserved 1048576K
}
Event: 8.496 GC heap after
{Heap after GC invocations=3 (full 0):
 garbage-first heap   total 253952K, used 19121K [0x0000000080000000, 0x0000000100000000)
  region size 1024K, 9 young (9216K), 9 survivors (9216K)
 Metaspace       used 21284K, committed 21504K, reserved 1114112K
  class space    used 2514K, committed 2624K, reserved 1048576K
}
Event: 9.169 GC heap before
{Heap before GC invocations=4 (full 0):
 garbage-first heap   total 71680K, used 52913K [0x0000000080000000, 0x0000000100000000)
  region size 1024K, 42 young (43008K), 9 survivors (9216K)
 Metaspace       used 26410K, committed 26688K, reserved 1114112K
  class space    used 3365K, committed 3520K, reserved 1048576K
}
Event: 9.176 GC heap after
{Heap after GC invocations=5 (full 0):
 garbage-first heap   total 71680K, used 20844K [0x0000000080000000, 0x0000000100000000)
  region size 1024K, 2 young (2048K), 2 survivors (2048K)
 Metaspace       used 26410K, committed 26688K, reserved 1114112K
  class space    used 3365K, committed 3520K, reserved 1048576K
}
Event: 9.879 GC heap before
{Heap before GC invocations=5 (full 0):
 garbage-first heap   total 71680K, used 49516K [0x0000000080000000, 0x0000000100000000)
  region size 1024K, 31 young (31744K), 2 survivors (2048K)
 Metaspace       used 30466K, committed 30720K, reserved 1114112K
  class space    used 4057K, committed 4160K, reserved 1048576K
}
Event: 9.884 GC heap after
{Heap after GC invocations=6 (full 0):
 garbage-first heap   total 71680K, used 22538K [0x0000000080000000, 0x0000000100000000)
  region size 1024K, 4 young (4096K), 4 survivors (4096K)
 Metaspace       used 30466K, committed 30720K, reserved 1114112K
  class space    used 4057K, committed 4160K, reserved 1048576K
}
Event: 11.621 GC heap before
{Heap before GC invocations=6 (full 0):
 garbage-first heap   total 71680K, used 44042K [0x0000000080000000, 0x0000000100000000)
  region size 1024K, 16 young (16384K), 4 survivors (4096K)
 Metaspace       used 31645K, committed 32000K, reserved 1114112K
  class space    used 4258K, committed 4416K, reserved 1048576K
}
Event: 11.627 GC heap after
{Heap after GC invocations=7 (full 0):
 garbage-first heap   total 71680K, used 37078K [0x0000000080000000, 0x0000000100000000)
  region size 1024K, 4 young (4096K), 4 survivors (4096K)
 Metaspace       used 31645K, committed 32000K, reserved 1114112K
  class space    used 4258K, committed 4416K, reserved 1048576K
}
Event: 12.142 GC heap before
{Heap before GC invocations=8 (full 0):
 garbage-first heap   total 71680K, used 55510K [0x0000000080000000, 0x0000000100000000)
  region size 1024K, 21 young (21504K), 4 survivors (4096K)
 Metaspace       used 33850K, committed 34240K, reserved 1114112K
  class space    used 4618K, committed 4800K, reserved 1048576K
}
Event: 12.146 GC heap after
{Heap after GC invocations=9 (full 0):
 garbage-first heap   total 71680K, used 39402K [0x0000000080000000, 0x0000000100000000)
  region size 1024K, 1 young (1024K), 1 survivors (1024K)
 Metaspace       used 33850K, committed 34240K, reserved 1114112K
  class space    used 4618K, committed 4800K, reserved 1048576K
}
Event: 12.424 GC heap before
{Heap before GC invocations=9 (full 0):
 garbage-first heap   total 71680K, used 55786K [0x0000000080000000, 0x0000000100000000)
  region size 1024K, 17 young (17408K), 1 survivors (1024K)
 Metaspace       used 35838K, committed 36160K, reserved 1114112K
  class space    used 4933K, committed 5056K, reserved 1048576K
}
Event: 12.426 GC heap after
{Heap after GC invocations=10 (full 0):
 garbage-first heap   total 71680K, used 40055K [0x0000000080000000, 0x0000000100000000)
  region size 1024K, 2 young (2048K), 2 survivors (2048K)
 Metaspace       used 35838K, committed 36160K, reserved 1114112K
  class space    used 4933K, committed 5056K, reserved 1048576K
}
Event: 12.734 GC heap before
{Heap before GC invocations=11 (full 0):
 garbage-first heap   total 71680K, used 55415K [0x0000000080000000, 0x0000000100000000)
  region size 1024K, 18 young (18432K), 2 survivors (2048K)
 Metaspace       used 38505K, committed 38848K, reserved 1114112K
  class space    used 5299K, committed 5440K, reserved 1048576K
}
Event: 12.737 GC heap after
{Heap after GC invocations=12 (full 0):
 garbage-first heap   total 92160K, used 40559K [0x0000000080000000, 0x0000000100000000)
  region size 1024K, 3 young (3072K), 3 survivors (3072K)
 Metaspace       used 38505K, committed 38848K, reserved 1114112K
  class space    used 5299K, committed 5440K, reserved 1048576K
}
Event: 13.197 GC heap before
{Heap before GC invocations=12 (full 0):
 garbage-first heap   total 92160K, used 70255K [0x0000000080000000, 0x0000000100000000)
  region size 1024K, 33 young (33792K), 3 survivors (3072K)
 Metaspace       used 41526K, committed 41856K, reserved 1114112K
  class space    used 5711K, committed 5888K, reserved 1048576K
}
Event: 13.203 GC heap after
{Heap after GC invocations=13 (full 0):
 garbage-first heap   total 92160K, used 42989K [0x0000000080000000, 0x0000000100000000)
  region size 1024K, 5 young (5120K), 5 survivors (5120K)
 Metaspace       used 41526K, committed 41856K, reserved 1114112K
  class space    used 5711K, committed 5888K, reserved 1048576K
}
Event: 14.296 GC heap before
{Heap before GC invocations=13 (full 0):
 garbage-first heap   total 92160K, used 71661K [0x0000000080000000, 0x0000000100000000)
  region size 1024K, 34 young (34816K), 5 survivors (5120K)
 Metaspace       used 45407K, committed 45824K, reserved 1114112K
  class space    used 6197K, committed 6400K, reserved 1048576K
}
Event: 14.304 GC heap after
{Heap after GC invocations=14 (full 0):
 garbage-first heap   total 92160K, used 45176K [0x0000000080000000, 0x0000000100000000)
  region size 1024K, 5 young (5120K), 5 survivors (5120K)
 Metaspace       used 45407K, committed 45824K, reserved 1114112K
  class space    used 6197K, committed 6400K, reserved 1048576K
}
Event: 15.003 GC heap before
{Heap before GC invocations=14 (full 0):
 garbage-first heap   total 92160K, used 71800K [0x0000000080000000, 0x0000000100000000)
  region size 1024K, 32 young (32768K), 5 survivors (5120K)
 Metaspace       used 50692K, committed 51136K, reserved 1114112K
  class space    used 6802K, committed 6976K, reserved 1048576K
}
Event: 15.011 GC heap after
{Heap after GC invocations=15 (full 0):
 garbage-first heap   total 92160K, used 48703K [0x0000000080000000, 0x0000000100000000)
  region size 1024K, 4 young (4096K), 4 survivors (4096K)
 Metaspace       used 50692K, committed 51136K, reserved 1114112K
  class space    used 6802K, committed 6976K, reserved 1048576K
}

