# JRE version: OpenJDK Runtime Environment (17.0.11) (build 17.0.11+0--11852314)
# Java VM: OpenJDK 64-Bit Server VM (17.0.11+0--11852314, mixed mode, tiered, compressed oops, compressed class ptrs, g1 gc, windows-amd64)
GC Precious Log:
 CPUs: 16 total, 16 available
 Memory: 15789M
 Large Page Support: Disabled
 NUMA Support: Disabled
 Compressed Oops: Enabled (32-bit)
 Heap Region Size: 1M
 Heap Min Capacity: 8M
 Heap Initial Capacity: 248M
 Heap Max Capacity: 2G
 Pre-touch: Disabled
 Parallel Workers: 13
 Concurrent Workers: 3
 Concurrent Refinement Workers: 13
 Periodic GC: Disabled
Heap:
 garbage-first heap   total 150528K, used 84204K [0x0000000080000000, 0x0000000100000000)
  region size 1024K, 1 young (1024K), 1 survivors (1024K)
 Metaspace       used 72725K, committed 73408K, reserved 1114112K
  class space    used 10096K, committed 10368K, reserved 1048576K
GC Heap History (20 events):
Event: 8.733 GC heap after
{Heap after GC invocations=21 (full 0):
 garbage-first heap   total 115712K, used 69774K [0x0000000080000000, 0x0000000100000000)
  region size 1024K, 6 young (6144K), 6 survivors (6144K)
 Metaspace       used 53867K, committed 54528K, reserved 1114112K
  class space    used 7172K, committed 7488K, reserved 1048576K
}
Event: 8.736 GC heap before
{Heap before GC invocations=21 (full 0):
 garbage-first heap   total 115712K, used 70798K [0x0000000080000000, 0x0000000100000000)
  region size 1024K, 7 young (7168K), 6 survivors (6144K)
 Metaspace       used 53867K, committed 54528K, reserved 1114112K
  class space    used 7172K, committed 7488K, reserved 1048576K
}
Event: 8.742 GC heap after
{Heap after GC invocations=22 (full 0):
 garbage-first heap   total 115712K, used 70941K [0x0000000080000000, 0x0000000100000000)
  region size 1024K, 1 young (1024K), 1 survivors (1024K)
 Metaspace       used 53867K, committed 54528K, reserved 1114112K
  class space    used 7172K, committed 7488K, reserved 1048576K
}
Event: 9.251 GC heap before
{Heap before GC invocations=22 (full 0):
 garbage-first heap   total 115712K, used 94493K [0x0000000080000000, 0x0000000100000000)
  region size 1024K, 25 young (25600K), 1 survivors (1024K)
 Metaspace       used 57462K, committed 58048K, reserved 1114112K
  class space    used 8112K, committed 8384K, reserved 1048576K
}
Event: 9.253 GC heap after
{Heap after GC invocations=23 (full 0):
 garbage-first heap   total 115712K, used 71740K [0x0000000080000000, 0x0000000100000000)
  region size 1024K, 2 young (2048K), 2 survivors (2048K)
 Metaspace       used 57462K, committed 58048K, reserved 1114112K
  class space    used 8112K, committed 8384K, reserved 1048576K
}
Event: 9.541 GC heap before
{Heap before GC invocations=24 (full 0):
 garbage-first heap   total 122880K, used 96316K [0x0000000080000000, 0x0000000100000000)
  region size 1024K, 26 young (26624K), 2 survivors (2048K)
 Metaspace       used 60304K, committed 60992K, reserved 1114112K
  class space    used 8519K, committed 8832K, reserved 1048576K
}
Event: 9.543 GC heap after
{Heap after GC invocations=25 (full 0):
 garbage-first heap   total 122880K, used 72377K [0x0000000080000000, 0x0000000100000000)
  region size 1024K, 2 young (2048K), 2 survivors (2048K)
 Metaspace       used 60304K, committed 60992K, reserved 1114112K
  class space    used 8519K, committed 8832K, reserved 1048576K
}
Event: 9.576 GC heap before
{Heap before GC invocations=25 (full 0):
 garbage-first heap   total 122880K, used 75449K [0x0000000080000000, 0x0000000100000000)
  region size 1024K, 6 young (6144K), 2 survivors (2048K)
 Metaspace       used 60838K, committed 61504K, reserved 1114112K
  class space    used 8583K, committed 8896K, reserved 1048576K
}
Event: 9.579 GC heap after
{Heap after GC invocations=26 (full 0):
 garbage-first heap   total 122880K, used 72153K [0x0000000080000000, 0x0000000100000000)
  region size 1024K, 1 young (1024K), 1 survivors (1024K)
 Metaspace       used 60838K, committed 61504K, reserved 1114112K
  class space    used 8583K, committed 8896K, reserved 1048576K
}
Event: 9.924 GC heap before
{Heap before GC invocations=26 (full 0):
 garbage-first heap   total 122880K, used 101849K [0x0000000080000000, 0x0000000100000000)
  region size 1024K, 30 young (30720K), 1 survivors (1024K)
 Metaspace       used 64676K, committed 65280K, reserved 1114112K
  class space    used 9086K, committed 9344K, reserved 1048576K
}
Event: 9.926 GC heap after
{Heap after GC invocations=27 (full 0):
 garbage-first heap   total 122880K, used 72652K [0x0000000080000000, 0x0000000100000000)
  region size 1024K, 1 young (1024K), 1 survivors (1024K)
 Metaspace       used 64676K, committed 65280K, reserved 1114112K
  class space    used 9086K, committed 9344K, reserved 1048576K
}
Event: 10.269 GC heap before
{Heap before GC invocations=28 (full 0):
 garbage-first heap   total 126976K, used 102348K [0x0000000080000000, 0x0000000100000000)
  region size 1024K, 30 young (30720K), 1 survivors (1024K)
 Metaspace       used 68955K, committed 69632K, reserved 1114112K
  class space    used 9646K, committed 9920K, reserved 1048576K
}
Event: 10.272 GC heap after
{Heap after GC invocations=29 (full 0):
 garbage-first heap   total 126976K, used 73287K [0x0000000080000000, 0x0000000100000000)
  region size 1024K, 2 young (2048K), 2 survivors (2048K)
 Metaspace       used 68955K, committed 69632K, reserved 1114112K
  class space    used 9646K, committed 9920K, reserved 1048576K
}
Event: 10.322 GC heap before
{Heap before GC invocations=29 (full 0):
 garbage-first heap   total 126976K, used 77383K [0x0000000080000000, 0x0000000100000000)
  region size 1024K, 6 young (6144K), 2 survivors (2048K)
 Metaspace       used 69574K, committed 70272K, reserved 1114112K
  class space    used 9737K, committed 10048K, reserved 1048576K
}
Event: 10.325 GC heap after
{Heap after GC invocations=30 (full 0):
 garbage-first heap   total 126976K, used 73091K [0x0000000080000000, 0x0000000100000000)
  region size 1024K, 1 young (1024K), 1 survivors (1024K)
 Metaspace       used 69574K, committed 70272K, reserved 1114112K
  class space    used 9737K, committed 10048K, reserved 1048576K
}
Event: 10.645 GC heap before
{Heap before GC invocations=30 (full 0):
 garbage-first heap   total 126976K, used 113027K [0x0000000080000000, 0x0000000100000000)
  region size 1024K, 33 young (33792K), 1 survivors (1024K)
 Metaspace       used 72083K, committed 72768K, reserved 1114112K
  class space    used 10020K, committed 10304K, reserved 1048576K
}
Event: 10.649 GC heap after
{Heap after GC invocations=31 (full 0):
 garbage-first heap   total 126976K, used 85414K [0x0000000080000000, 0x0000000100000000)
  region size 1024K, 5 young (5120K), 5 survivors (5120K)
 Metaspace       used 72083K, committed 72768K, reserved 1114112K
  class space    used 10020K, committed 10304K, reserved 1048576K
}
Event: 10.939 GC heap before
{Heap before GC invocations=32 (full 0):
 garbage-first heap   total 150528K, used 104870K [0x0000000080000000, 0x0000000100000000)
  region size 1024K, 25 young (25600K), 5 survivors (5120K)
 Metaspace       used 72474K, committed 73088K, reserved 1114112K
  class space    used 10060K, committed 10368K, reserved 1048576K
}
Event: 10.947 GC heap after
{Heap after GC invocations=33 (full 0):
 garbage-first heap   total 150528K, used 83390K [0x0000000080000000, 0x0000000100000000)
  region size 1024K, 4 young (4096K), 4 survivors (4096K)
 Metaspace       used 72474K, committed 73088K, reserved 1114112K
  class space    used 10060K, committed 10368K, reserved 1048576K
}
Event: 10.990 GC heap before
{Heap before GC invocations=33 (full 0):
 garbage-first heap   total 150528K, used 86462K [0x0000000080000000, 0x0000000100000000)
  region size 1024K, 7 young (7168K), 4 survivors (4096K)
 Metaspace       used 72725K, committed 73408K, reserved 1114112K
  class space    used 10096K, committed 10368K, reserved 1048576K
}

